<?xml version="1.0" encoding="UTF-8"?>
<!-- Generated by org.testng.reporters.JUnitReportReporter -->
<testsuite hostname="Nilmie" failures="0" tests="1" name="Selenium.Selenium" time="22.991" errors="0" timestamp="07 Oct 2018 10:37:43 GMT" skipped="0">
  <testcase classname="Selenium.Selenium" name="testSearch" time="22.991"/>
</testsuite> <!-- Selenium.Selenium -->
